~OCT/31/2023 12:19:10     
Name:              Sex:   
Ward:              Age:   
URINE 10    (00001)       
BLD       -        neg    
BIL      ++    Moderate   
URO       +    2.0mg/dl   
KET     +++    100mg/dl   
GLU       -        neg    
PRO       -        neg    
NIT       +        pos    
LEU       +    25WBC/ul   
pH                 6.5    
S.G              1.010    
                          
(SN=71322075)             
ID(             )         
OP(00000000)LOT(00000000)~
~OCT/31/2023 12:21:43     
Name:              Sex:   
Ward:              Age:   
URINE 10    (00002)       
BLD       -        neg    
BIL       +       Small   
URO    norm    0.1mg/dl   
KET     +++    100mg/dl   
GLU       -        neg    
PRO       -        neg    
NIT       -        neg    
LEU       +    25WBC/ul   
pH                 6.5    
S.G              1.025    
                          
(SN=71322075)             
ID(             )         
OP(00000000)LOT(00000000)~
~NOV/01/2023 13:19:58     
Name:              Sex:   
Ward:              Age:   
URINE 10    (00003)       
BLD       -        neg    
BIL       +       Small   
URO    norm    0.1mg/dl   
KET     +++    100mg/dl   
GLU       -        neg    
PRO       -        neg    
NIT       -        neg    
LEU       +    25WBC/ul   
pH                 6.5    
S.G              1.025    
                          
(SN=71322075)             
ID(             )         
OP(00000000)LOT(00000000)~
~NOV/01/2023 13:22:27     
Name:              Sex:   
Ward:              Age:   
URINE 10    (00004)       
BLD       -        neg    
BIL       +       Small   
URO    norm    0.1mg/dl   
KET     +++    100mg/dl   
GLU       -        neg    
PRO       -        neg    
NIT       -        neg    
LEU       +    25WBC/ul   
pH                 6.5    
S.G              1.025    
                          
(SN=71322075)             
ID(             )         
OP(00000000)LOT(00000000)~
~NOV/01/2023 13:22:52     
Name:              Sex:   
Ward:              Age:   
URINE 10    (00005)       
BLD       -        neg    
BIL       +       Small   
URO    norm    0.1mg/dl   
KET     +++    100mg/dl   
GLU       -        neg    
PRO       -        neg    
NIT       -        neg    
LEU       +    25WBC/ul   
pH                 6.5    
S.G              1.025    
                          
(SN=71322075)             
ID(             )         
OP(00000000)LOT(00000000)~
~NOV/01/2023 13:27:15     
Name:              Sex:   
Ward:              Age:   
URINE 10    (00006)       
BLD       -        neg    
BIL       +       Small   
URO    norm    0.1mg/dl   
KET     +++    100mg/dl   
GLU       -        neg    
PRO       -        neg    
NIT       -        neg    
LEU       +    25WBC/ul   
pH                 6.5    
S.G              1.025    
                          
(SN=71322075)             
ID(          123)         
OP(00000000)LOT(00000000) 
Color YELLOW              
Turb CLOUDY              ~
~NOV/01/2023 13:27:30     
Name:              Sex:   
Ward:              Age:   
URINE 10    (00007)       
BLD       -        neg    
BIL       +       Small   
URO    norm    0.1mg/dl   
KET     +++    100mg/dl   
GLU       -        neg    
PRO       -        neg    
NIT       -        neg    
LEU       +    25WBC/ul   
pH                 6.0    
S.G              1.025    
                          
(SN=71322075)             
ID(         1234)         
OP(00000000)LOT(00000000) 
Color DK YELLOW           
Turb SL CLOUDY           ~
~NOV/01/2023 10:40:56     
Name:              Sex:   
Ward:              Age:   
URINE 10    (00008)       
BLD       -        neg    
BIL       +       Small   
URO    norm    0.1mg/dl   
KET     +++    100mg/dl   
GLU       -        neg    
PRO       -        neg    
NIT       -        neg    
LEU       +    25WBC/ul   
pH                 6.5    
S.G              1.025    
                          
(SN=71322075)             
ID(         1235)         
OP(00000000)LOT(00000000)~
~NOV/01/2023 10:45:33     
Name:              Sex:   
Ward:              Age:   
URINE 10    (00009)       
BLD       +    10RBC/ul   
BIL       -        neg    
URO    norm    0.1mg/dl   
KET       -        neg    
GLU      ++    100mg/dl   
PRO      ++    100mg/dl   
NIT       -        neg    
LEU       -        neg    
pH                 7.5    
S.G              1.015    
                          
(SN=71322075)             
ID(         1236)         
OP(00000000)LOT(00000000)~
~NOV/01/2023 10:51:42     
Name:              Sex:   
Ward:              Age:   
URINE 10    (00010)       
BLD       -        neg    
BIL       +       Small   
URO    norm    0.1mg/dl   
KET     +++    100mg/dl   
GLU       -        neg    
PRO       -        neg    
NIT       -        neg    
LEU       +    25WBC/ul   
pH                 6.0    
S.G              1.025    
                          
(SN=71322075)             
ID(         1237)         
OP(00000000)LOT(00000000)~
~FinDb~
~NOV/01/2023 10:51:42     
Name:              Sex:   
Ward:              Age:   
URINE 10    (00010)       
BLD       -        neg    
BIL       +       Small   
URO    norm    0.1mg/dl   
KET     +++    100mg/dl   
GLU       -        neg    
PRO       -        neg    
NIT       -        neg    
LEU       +    25WBC/ul   
pH                 6.0    
S.G              1.025    
                          
(SN=71322075)             
ID(         1237)         
OP(00000000)LOT(00000000)~
~FinDb~
